<?xml version="1.0" encoding="UTF-8"?>
<!-- Generated by org.testng.reporters.JUnitXMLReporter -->
<testsuite ignored="0" hostname="ARUN" failures="0" tests="8" name="PetTest" time="16.995" errors="0" timestamp="2026-04-18T20:07:51 IST">
  <testcase classname="api.test.UserTest" name="testCreateUser" time="2.898"/>
  <testcase classname="api.test.UserTest" name="testGetUser" time="1.203"/>
  <testcase classname="api.test.UserTest" name="testUpdateUser" time="2.88"/>
  <testcase classname="api.test.UserTest" name="testDeleteUser" time="2.401"/>
  <testcase classname="api.test.PetTest" name="testCreatePet" time="1.168"/>
  <testcase classname="api.test.PetTest" name="testGetPet" time="1.173"/>
  <testcase classname="api.test.PetTest" name="testUpdatePet" time="2.349"/>
  <testcase classname="api.test.PetTest" name="testDeletePet" time="2.368"/>
</testsuite> <!-- PetTest -->
