<?xml version="1.0" encoding="UTF-8"?>
<!-- Generated by org.testng.reporters.JUnitXMLReporter -->
<testsuite ignored="0" hostname="ARUN" failures="0" tests="40" name="PetTest" time="15.552" errors="0" timestamp="2026-07-18T15:13:06 IST">
  <testcase classname="api.test.PetTest" name="testCreatePet" time="3.483"/>
  <testcase classname="api.test.PetTest" name="testCreatePet" time="3.499"/>
  <testcase classname="api.test.PetTest" name="testCreatePet" time="3.493"/>
  <testcase classname="api.test.PetTest" name="testCreatePet" time="3.495"/>
  <testcase classname="api.test.UserTest" name="testCreateUser" time="3.573"/>
  <testcase classname="api.test.UserTest" name="testCreateUser" time="3.573"/>
  <testcase classname="api.test.PetTest" name="testCreatePet" time="3.487"/>
  <testcase classname="api.test.UserTest" name="testCreateUser" time="3.607"/>
  <testcase classname="api.test.UserTest" name="testCreateUser" time="3.583"/>
  <testcase classname="api.test.UserTest" name="testCreateUser" time="3.579"/>
  <testcase classname="api.test.UserTest" name="testGetUser" time="1.179"/>
  <testcase classname="api.test.UserTest" name="testGetUser" time="1.282"/>
  <testcase classname="api.test.UserTest" name="testGetUser" time="1.294"/>
  <testcase classname="api.test.PetTest" name="testGetPet" time="1.272"/>
  <testcase classname="api.test.PetTest" name="testGetPet" time="1.27"/>
  <testcase classname="api.test.PetTest" name="testGetPet" time="1.294"/>
  <testcase classname="api.test.PetTest" name="testGetPet" time="1.285"/>
  <testcase classname="api.test.UserTest" name="testGetUser" time="1.339"/>
  <testcase classname="api.test.PetTest" name="testGetPet" time="1.358"/>
  <testcase classname="api.test.UserTest" name="testGetUser" time="1.399"/>
  <testcase classname="api.test.PetTest" name="testUpdatePet" time="3.521"/>
  <testcase classname="api.test.PetTest" name="testUpdatePet" time="3.543"/>
  <testcase classname="api.test.PetTest" name="testUpdatePet" time="3.54"/>
  <testcase classname="api.test.PetTest" name="testUpdatePet" time="3.525"/>
  <testcase classname="api.test.PetTest" name="testUpdatePet" time="3.526"/>
  <testcase classname="api.test.UserTest" name="testUpdateUser" time="3.708"/>
  <testcase classname="api.test.UserTest" name="testUpdateUser" time="3.809"/>
  <testcase classname="api.test.UserTest" name="testUpdateUser" time="3.83"/>
  <testcase classname="api.test.UserTest" name="testUpdateUser" time="3.832"/>
  <testcase classname="api.test.UserTest" name="testUpdateUser" time="3.878"/>
  <testcase classname="api.test.PetTest" name="testDeletePet" time="2.37"/>
  <testcase classname="api.test.PetTest" name="testDeletePet" time="2.368"/>
  <testcase classname="api.test.PetTest" name="testDeletePet" time="2.38"/>
  <testcase classname="api.test.PetTest" name="testDeletePet" time="2.42"/>
  <testcase classname="api.test.UserTest" name="testDeleteUser" time="2.41"/>
  <testcase classname="api.test.UserTest" name="testDeleteUser" time="2.441"/>
  <testcase classname="api.test.PetTest" name="testDeletePet" time="2.481"/>
  <testcase classname="api.test.UserTest" name="testDeleteUser" time="2.488"/>
  <testcase classname="api.test.UserTest" name="testDeleteUser" time="2.506"/>
  <testcase classname="api.test.UserTest" name="testDeleteUser" time="2.557"/>
</testsuite> <!-- PetTest -->
