<?xml version="1.0" encoding="UTF-8"?>
<!-- Generated by org.testng.reporters.JUnitXMLReporter -->
<testsuite ignored="0" hostname="ARUN" failures="0" tests="10" name="Default test" time="16.126" errors="0" timestamp="2026-04-18T13:51:00 IST">
  <testcase classname="api.test.DataDrivenTests" name="testCreateUser" time="2.652"/>
  <testcase classname="api.test.DataDrivenTests" name="testCreateUser" time="1.212"/>
  <testcase classname="api.test.DataDrivenTests" name="testCreateUser" time="1.307"/>
  <testcase classname="api.test.DataDrivenTests" name="testCreateUser" time="1.175"/>
  <testcase classname="api.test.DataDrivenTests" name="testCreateUser" time="1.249"/>
  <testcase classname="api.test.DataDrivenTests" name="testDeleteUser" time="1.217"/>
  <testcase classname="api.test.DataDrivenTests" name="testDeleteUser" time="1.194"/>
  <testcase classname="api.test.DataDrivenTests" name="testDeleteUser" time="1.254"/>
  <testcase classname="api.test.DataDrivenTests" name="testDeleteUser" time="1.236"/>
  <testcase classname="api.test.DataDrivenTests" name="testDeleteUser" time="1.218"/>
</testsuite> <!-- Default test -->
