<?xml version="1.0" encoding="UTF-8"?>
<!-- Generated by org.testng.reporters.JUnitXMLReporter -->
<testsuite ignored="0" hostname="ARUN" failures="0" tests="8" name="PetTest" time="17.484" errors="0" timestamp="2026-04-18T21:12:14 IST">
  <testcase classname="api.test.UserTest" name="testCreateUser" time="3.347"/>
  <testcase classname="api.test.UserTest" name="testGetUser" time="1.221"/>
  <testcase classname="api.test.UserTest" name="testUpdateUser" time="2.879"/>
  <testcase classname="api.test.UserTest" name="testDeleteUser" time="2.379"/>
  <testcase classname="api.test.PetTest" name="testCreatePet" time="1.135"/>
  <testcase classname="api.test.PetTest" name="testGetPet" time="1.192"/>
  <testcase classname="api.test.PetTest" name="testUpdatePet" time="2.486"/>
  <testcase classname="api.test.PetTest" name="testDeletePet" time="2.324"/>
</testsuite> <!-- PetTest -->
