<?xml version="1.0" encoding="UTF-8"?>
<testsuite xmlns:xsi="http://www.w3.org/2001/XMLSchema-instance" xsi:noNamespaceSchemaLocation="https://maven.apache.org/surefire/maven-surefire-plugin/xsd/surefire-test-report.xsd" version="3.0.2" name="TestSuite" time="18.942" tests="8" errors="0" skipped="0" failures="0" flakes="0">
  <properties>
[...]
</properties>
  <testcase name="testCreateUser" classname="api.test.UserTest" time="3.35">
    <system-out><![CDATA[[INFO] 2026-04-18 21:11:57 UserTest.testCreateUser() - Creating user
[INFO] 2026-04-18 21:11:57 UserTest.testCreateUser() - User Details: User {username='stan.wisozk', id=878598679, email='dalton.fay@example.com'}
HTTP/1.1 200 OK
Date: Sat, 18 Apr 2026 15:41:42 GMT
Content-Type: application/json
Transfer-Encoding: chunked
Connection: keep-alive
Access-Control-Allow-Origin: *
Access-Control-Allow-Methods: GET, POST, DELETE, PUT
Access-Control-Allow-Headers: Content-Type, api_key, Authorization
Server: Jetty(9.2.9.v20150224)

{
    "code": 200,
    "type": "unknown",
    "message": "878598679"
}
]]></system-out>
    <system-err><![CDATA[SLF4J(W): No SLF4J providers were found.
SLF4J(W): Defaulting to no-operation (NOP) logger implementation
SLF4J(W): See https://www.slf4j.org/codes.html#noProviders for further details.
]]></system-err>
  </testcase>
  <testcase name="testGetUser" classname="api.test.UserTest" time="1.225">
    <system-out><![CDATA[HTTP/1.1 200 OK
Date: Sat, 18 Apr 2026 15:41:43 GMT
Content-Type: application/json
Transfer-Encoding: chunked
Connection: keep-alive
Access-Control-Allow-Origin: *
Access-Control-Allow-Methods: GET, POST, DELETE, PUT
Access-Control-Allow-Headers: Content-Type, api_key, Authorization
Server: Jetty(9.2.9.v20150224)

{
    "id": 878598679,
    "username": "stan.wisozk",
    "firstName": "Bok",
    "lastName": "Morissette",
    "email": "dalton.fay@example.com",
    "password": "hv5mou",
    "phone": "1-662-054-5867",
    "userStatus": 0
}
]]></system-out>
  </testcase>
  <testcase name="testUpdateUser" classname="api.test.UserTest" time="2.875">
    <system-out><![CDATA[HTTP/1.1 200 OK
Date: Sat, 18 Apr 2026 15:41:45 GMT
Content-Type: application/json
Transfer-Encoding: chunked
Connection: keep-alive
Access-Control-Allow-Origin: *
Access-Control-Allow-Methods: GET, POST, DELETE, PUT
Access-Control-Allow-Headers: Content-Type, api_key, Authorization
Server: Jetty(9.2.9.v20150224)

{
    "code": 200,
    "type": "unknown",
    "message": "878598679"
}
{
    "code": 200,
    "type": "unknown",
    "message": "878598679"
}
]]></system-out>
  </testcase>
  <testcase name="testDeleteUser" classname="api.test.UserTest" time="2.378">
    <system-out><![CDATA[HTTP/1.1 200 OK
Date: Sat, 18 Apr 2026 15:41:48 GMT
Content-Type: application/json
Transfer-Encoding: chunked
Connection: keep-alive
Access-Control-Allow-Origin: *
Access-Control-Allow-Methods: GET, POST, DELETE, PUT
Access-Control-Allow-Headers: Content-Type, api_key, Authorization
Server: Jetty(9.2.9.v20150224)

{
    "code": 200,
    "type": "unknown",
    "message": "stan.wisozk"
}
]]></system-out>
  </testcase>
  <testcase name="testCreatePet" classname="api.test.PetTest" time="1.135">
    <system-out><![CDATA[[INFO] 2026-04-18 21:12:07 PetTest.testCreatePet() - Creating Pet
[INFO] 2026-04-18 21:12:07 PetTest.testCreatePet() - User Details: api.payload.Pet@48971262
]]></system-out>
  </testcase>
  <testcase name="testGetPet" classname="api.test.PetTest" time="1.193"/>
  <testcase name="testUpdatePet" classname="api.test.PetTest" time="2.486">
    <system-out><![CDATA[{
    "id": 1277271172,
    "category": {
        "id": 1277271172,
        "name": "shark"
    },
    "name": "Gracia Swaniawski I",
    "photoUrls": [
        "www.douglass-feil.name",
        "www.alden-gleichner.biz",
        "www.loyd-tillman.info"
    ],
    "tags": [
        {
            "id": 1277271172,
            "name": "Angele Auer"
        }
    ],
    "status": "Available"
}
]]></system-out>
  </testcase>
  <testcase name="testDeletePet" classname="api.test.PetTest" time="2.323"/>
</testsuite>