<?xml version="1.0" encoding="UTF-8"?>
<testng-results ignored="0" total="8" passed="8" failed="0" skipped="0">
  <reporter-output>
  </reporter-output>
  <suite started-at="2026-04-18T20:07:34 IST" name="PetUserSuite" finished-at="2026-04-18T20:07:51 IST" duration-ms="16995">
    <groups>
      <group name="PetAPI">
        <method signature="PetTest.testCreatePet()[pri:1, instance:api.test.PetTest@1951b871]" name="testCreatePet" class="api.test.PetTest"/>
        <method signature="PetTest.testGetPet()[pri:2, instance:api.test.PetTest@1951b871]" name="testGetPet" class="api.test.PetTest"/>
        <method signature="PetTest.testUpdatePet()[pri:3, instance:api.test.PetTest@1951b871]" name="testUpdatePet" class="api.test.PetTest"/>
        <method signature="PetTest.testDeletePet()[pri:4, instance:api.test.PetTest@1951b871]" name="testDeletePet" class="api.test.PetTest"/>
      </group> <!-- PetAPI -->
      <group name="UserAPI">
        <method signature="UserTest.testCreateUser()[pri:1, instance:api.test.UserTest@25bc0606]" name="testCreateUser" class="api.test.UserTest"/>
        <method signature="UserTest.testGetUser()[pri:2, instance:api.test.UserTest@25bc0606]" name="testGetUser" class="api.test.UserTest"/>
        <method signature="UserTest.testUpdateUser()[pri:3, instance:api.test.UserTest@25bc0606]" name="testUpdateUser" class="api.test.UserTest"/>
        <method signature="UserTest.testDeleteUser()[pri:4, instance:api.test.UserTest@25bc0606]" name="testDeleteUser" class="api.test.UserTest"/>
      </group> <!-- UserAPI -->
    </groups>
    <test started-at="2026-04-18T20:07:34 IST" name="PetTest" finished-at="2026-04-18T20:07:51 IST" duration-ms="16995">
      <class name="api.test.PetTest">
        <test-method is-config="true" signature="setUpData()[pri:0, instance:api.test.PetTest@1951b871]" started-at="2026-04-18T20:07:44 IST" name="setUpData" finished-at="2026-04-18T20:07:44 IST" duration-ms="129" status="PASS">
          <reporter-output>
          </reporter-output>
        </test-method> <!-- setUpData -->
        <test-method signature="testCreatePet()[pri:1, instance:api.test.PetTest@1951b871]" started-at="2026-04-18T20:07:44 IST" name="testCreatePet" finished-at="2026-04-18T20:07:45 IST" duration-ms="1168" status="PASS">
          <reporter-output>
          </reporter-output>
        </test-method> <!-- testCreatePet -->
        <test-method signature="testGetPet()[pri:2, instance:api.test.PetTest@1951b871]" started-at="2026-04-18T20:07:45 IST" name="testGetPet" finished-at="2026-04-18T20:07:46 IST" duration-ms="1173" status="PASS">
          <reporter-output>
          </reporter-output>
        </test-method> <!-- testGetPet -->
        <test-method signature="testUpdatePet()[pri:3, instance:api.test.PetTest@1951b871]" started-at="2026-04-18T20:07:46 IST" name="testUpdatePet" finished-at="2026-04-18T20:07:48 IST" duration-ms="2349" status="PASS">
          <reporter-output>
          </reporter-output>
        </test-method> <!-- testUpdatePet -->
        <test-method signature="testDeletePet()[pri:4, instance:api.test.PetTest@1951b871]" started-at="2026-04-18T20:07:48 IST" name="testDeletePet" finished-at="2026-04-18T20:07:51 IST" duration-ms="2368" status="PASS">
          <reporter-output>
          </reporter-output>
        </test-method> <!-- testDeletePet -->
      </class> <!-- api.test.PetTest -->
      <class name="api.test.UserTest">
        <test-method is-config="true" signature="setUpData()[pri:0, instance:api.test.UserTest@25bc0606]" started-at="2026-04-18T20:07:34 IST" name="setUpData" finished-at="2026-04-18T20:07:34 IST" duration-ms="178" status="PASS">
          <reporter-output>
          </reporter-output>
        </test-method> <!-- setUpData -->
        <test-method signature="testCreateUser()[pri:1, instance:api.test.UserTest@25bc0606]" started-at="2026-04-18T20:07:34 IST" name="testCreateUser" finished-at="2026-04-18T20:07:37 IST" duration-ms="2898" status="PASS">
          <reporter-output>
          </reporter-output>
        </test-method> <!-- testCreateUser -->
        <test-method signature="testGetUser()[pri:2, instance:api.test.UserTest@25bc0606]" started-at="2026-04-18T20:07:37 IST" name="testGetUser" finished-at="2026-04-18T20:07:38 IST" duration-ms="1203" status="PASS">
          <reporter-output>
          </reporter-output>
        </test-method> <!-- testGetUser -->
        <test-method signature="testUpdateUser()[pri:3, instance:api.test.UserTest@25bc0606]" started-at="2026-04-18T20:07:38 IST" name="testUpdateUser" finished-at="2026-04-18T20:07:41 IST" duration-ms="2880" status="PASS">
          <reporter-output>
          </reporter-output>
        </test-method> <!-- testUpdateUser -->
        <test-method signature="testDeleteUser()[pri:4, instance:api.test.UserTest@25bc0606]" started-at="2026-04-18T20:07:41 IST" name="testDeleteUser" finished-at="2026-04-18T20:07:44 IST" duration-ms="2401" status="PASS">
          <reporter-output>
          </reporter-output>
        </test-method> <!-- testDeleteUser -->
      </class> <!-- api.test.UserTest -->
    </test> <!-- PetTest -->
  </suite> <!-- PetUserSuite -->
</testng-results>
