<?xml version="1.0" encoding="UTF-8"?>
<testng-results ignored="0" total="36" passed="36" failed="0" skipped="0">
  <reporter-output>
  </reporter-output>
  <suite started-at="2026-04-24T15:23:10 IST" name="PetUserSuite" finished-at="2026-04-24T15:24:21 IST" duration-ms="71092">
    <groups>
      <group name="PetAPI">
        <method signature="PetTest.testCreatePet(api.payload.Pet)[pri:1, instance:api.test.PetTest@33aeca0b]" name="testCreatePet" class="api.test.PetTest"/>
        <method signature="PetTest.testGetPet(int)[pri:2, instance:api.test.PetTest@33aeca0b]" name="testGetPet" class="api.test.PetTest"/>
        <method signature="PetTest.testUpdatePet(api.payload.Pet)[pri:3, instance:api.test.PetTest@33aeca0b]" name="testUpdatePet" class="api.test.PetTest"/>
        <method signature="PetTest.testDeletePet(int)[pri:4, instance:api.test.PetTest@33aeca0b]" name="testDeletePet" class="api.test.PetTest"/>
      </group> <!-- PetAPI -->
      <group name="DeletePet">
        <method signature="PetTest.testDeletePet(int)[pri:4, instance:api.test.PetTest@33aeca0b]" name="testDeletePet" class="api.test.PetTest"/>
      </group> <!-- DeletePet -->
      <group name="GetPet">
        <method signature="PetTest.testGetPet(int)[pri:2, instance:api.test.PetTest@33aeca0b]" name="testGetPet" class="api.test.PetTest"/>
      </group> <!-- GetPet -->
      <group name="UpdatePet">
        <method signature="PetTest.testUpdatePet(api.payload.Pet)[pri:3, instance:api.test.PetTest@33aeca0b]" name="testUpdatePet" class="api.test.PetTest"/>
      </group> <!-- UpdatePet -->
      <group name="DeleteUser">
        <method signature="UserTest.testDeleteUser(java.lang.String)[pri:4, instance:api.test.UserTest@793138bd]" name="testDeleteUser" class="api.test.UserTest"/>
      </group> <!-- DeleteUser -->
      <group name="CreateUser">
        <method signature="UserTest.testCreateUser(api.payload.User)[pri:1, instance:api.test.UserTest@793138bd]" name="testCreateUser" class="api.test.UserTest"/>
      </group> <!-- CreateUser -->
      <group name="UpdateUser">
        <method signature="UserTest.testUpdateUser(api.payload.User)[pri:3, instance:api.test.UserTest@793138bd]" name="testUpdateUser" class="api.test.UserTest"/>
      </group> <!-- UpdateUser -->
      <group name="UserAPI">
        <method signature="UserTest.testCreateUser(api.payload.User)[pri:1, instance:api.test.UserTest@793138bd]" name="testCreateUser" class="api.test.UserTest"/>
        <method signature="UserTest.testGetUser(java.lang.String)[pri:2, instance:api.test.UserTest@793138bd]" name="testGetUser" class="api.test.UserTest"/>
        <method signature="UserTest.testUpdateUser(api.payload.User)[pri:3, instance:api.test.UserTest@793138bd]" name="testUpdateUser" class="api.test.UserTest"/>
        <method signature="UserTest.testDeleteUser(java.lang.String)[pri:4, instance:api.test.UserTest@793138bd]" name="testDeleteUser" class="api.test.UserTest"/>
      </group> <!-- UserAPI -->
      <group name="GetUser">
        <method signature="UserTest.testGetUser(java.lang.String)[pri:2, instance:api.test.UserTest@793138bd]" name="testGetUser" class="api.test.UserTest"/>
      </group> <!-- GetUser -->
      <group name="CreatePet">
        <method signature="PetTest.testCreatePet(api.payload.Pet)[pri:1, instance:api.test.PetTest@33aeca0b]" name="testCreatePet" class="api.test.PetTest"/>
      </group> <!-- CreatePet -->
    </groups>
    <test started-at="2026-04-24T15:23:10 IST" name="PetTest" finished-at="2026-04-24T15:24:21 IST" duration-ms="71092">
      <class name="api.test.PetTest">
        <test-method is-config="true" signature="setUpData()[pri:0, instance:api.test.PetTest@33aeca0b]" started-at="2026-04-24T15:23:52 IST" name="setUpData" finished-at="2026-04-24T15:23:52 IST" duration-ms="1" status="PASS">
          <reporter-output>
          </reporter-output>
        </test-method> <!-- setUpData -->
        <test-method signature="testCreatePet(api.payload.Pet)[pri:1, instance:api.test.PetTest@33aeca0b]" started-at="2026-04-24T15:23:52 IST" name="testCreatePet" data-provider="PetData" finished-at="2026-04-24T15:23:53 IST" duration-ms="1226" status="PASS">
          <params>
            <param index="0">
              <value>
                <![CDATA[api.payload.Pet@60eb9c29]]>
              </value>
            </param>
          </params>
          <reporter-output>
          </reporter-output>
        </test-method> <!-- testCreatePet -->
        <test-method signature="testCreatePet(api.payload.Pet)[pri:1, instance:api.test.PetTest@33aeca0b]" started-at="2026-04-24T15:23:53 IST" name="testCreatePet" data-provider="PetData" finished-at="2026-04-24T15:23:54 IST" duration-ms="1191" status="PASS">
          <params>
            <param index="0">
              <value>
                <![CDATA[api.payload.Pet@56d4481f]]>
              </value>
            </param>
          </params>
          <reporter-output>
          </reporter-output>
        </test-method> <!-- testCreatePet -->
        <test-method signature="testCreatePet(api.payload.Pet)[pri:1, instance:api.test.PetTest@33aeca0b]" started-at="2026-04-24T15:23:54 IST" name="testCreatePet" data-provider="PetData" finished-at="2026-04-24T15:23:56 IST" duration-ms="1211" status="PASS">
          <params>
            <param index="0">
              <value>
                <![CDATA[api.payload.Pet@4c541b00]]>
              </value>
            </param>
          </params>
          <reporter-output>
          </reporter-output>
        </test-method> <!-- testCreatePet -->
        <test-method signature="testCreatePet(api.payload.Pet)[pri:1, instance:api.test.PetTest@33aeca0b]" started-at="2026-04-24T15:23:56 IST" name="testCreatePet" data-provider="PetData" finished-at="2026-04-24T15:23:57 IST" duration-ms="1183" status="PASS">
          <params>
            <param index="0">
              <value>
                <![CDATA[api.payload.Pet@618d2191]]>
              </value>
            </param>
          </params>
          <reporter-output>
          </reporter-output>
        </test-method> <!-- testCreatePet -->
        <test-method signature="testGetPet(int)[pri:2, instance:api.test.PetTest@33aeca0b]" started-at="2026-04-24T15:23:57 IST" name="testGetPet" data-provider="PetId" finished-at="2026-04-24T15:23:58 IST" duration-ms="1176" status="PASS">
          <params>
            <param index="0">
              <value>
                <![CDATA[11011]]>
              </value>
            </param>
          </params>
          <reporter-output>
          </reporter-output>
        </test-method> <!-- testGetPet -->
        <test-method signature="testGetPet(int)[pri:2, instance:api.test.PetTest@33aeca0b]" started-at="2026-04-24T15:23:58 IST" name="testGetPet" data-provider="PetId" finished-at="2026-04-24T15:23:59 IST" duration-ms="1191" status="PASS">
          <params>
            <param index="0">
              <value>
                <![CDATA[11022]]>
              </value>
            </param>
          </params>
          <reporter-output>
          </reporter-output>
        </test-method> <!-- testGetPet -->
        <test-method signature="testGetPet(int)[pri:2, instance:api.test.PetTest@33aeca0b]" started-at="2026-04-24T15:23:59 IST" name="testGetPet" data-provider="PetId" finished-at="2026-04-24T15:24:00 IST" duration-ms="1204" status="PASS">
          <params>
            <param index="0">
              <value>
                <![CDATA[11033]]>
              </value>
            </param>
          </params>
          <reporter-output>
          </reporter-output>
        </test-method> <!-- testGetPet -->
        <test-method signature="testGetPet(int)[pri:2, instance:api.test.PetTest@33aeca0b]" started-at="2026-04-24T15:24:00 IST" name="testGetPet" data-provider="PetId" finished-at="2026-04-24T15:24:02 IST" duration-ms="1162" status="PASS">
          <params>
            <param index="0">
              <value>
                <![CDATA[11044]]>
              </value>
            </param>
          </params>
          <reporter-output>
          </reporter-output>
        </test-method> <!-- testGetPet -->
        <test-method signature="testUpdatePet(api.payload.Pet)[pri:3, instance:api.test.PetTest@33aeca0b]" started-at="2026-04-24T15:24:02 IST" name="testUpdatePet" data-provider="PetData" finished-at="2026-04-24T15:24:04 IST" duration-ms="2366" status="PASS">
          <params>
            <param index="0">
              <value>
                <![CDATA[api.payload.Pet@74307afd]]>
              </value>
            </param>
          </params>
          <reporter-output>
          </reporter-output>
        </test-method> <!-- testUpdatePet -->
        <test-method signature="testUpdatePet(api.payload.Pet)[pri:3, instance:api.test.PetTest@33aeca0b]" started-at="2026-04-24T15:24:04 IST" name="testUpdatePet" data-provider="PetData" finished-at="2026-04-24T15:24:07 IST" duration-ms="2396" status="PASS">
          <params>
            <param index="0">
              <value>
                <![CDATA[api.payload.Pet@5afd2f4e]]>
              </value>
            </param>
          </params>
          <reporter-output>
          </reporter-output>
        </test-method> <!-- testUpdatePet -->
        <test-method signature="testUpdatePet(api.payload.Pet)[pri:3, instance:api.test.PetTest@33aeca0b]" started-at="2026-04-24T15:24:07 IST" name="testUpdatePet" data-provider="PetData" finished-at="2026-04-24T15:24:09 IST" duration-ms="2398" status="PASS">
          <params>
            <param index="0">
              <value>
                <![CDATA[api.payload.Pet@4f283b8f]]>
              </value>
            </param>
          </params>
          <reporter-output>
          </reporter-output>
        </test-method> <!-- testUpdatePet -->
        <test-method signature="testUpdatePet(api.payload.Pet)[pri:3, instance:api.test.PetTest@33aeca0b]" started-at="2026-04-24T15:24:09 IST" name="testUpdatePet" data-provider="PetData" finished-at="2026-04-24T15:24:11 IST" duration-ms="2388" status="PASS">
          <params>
            <param index="0">
              <value>
                <![CDATA[api.payload.Pet@76e51181]]>
              </value>
            </param>
          </params>
          <reporter-output>
          </reporter-output>
        </test-method> <!-- testUpdatePet -->
        <test-method signature="testDeletePet(int)[pri:4, instance:api.test.PetTest@33aeca0b]" started-at="2026-04-24T15:24:12 IST" name="testDeletePet" data-provider="PetId" finished-at="2026-04-24T15:24:14 IST" duration-ms="2365" status="PASS">
          <params>
            <param index="0">
              <value>
                <![CDATA[11011]]>
              </value>
            </param>
          </params>
          <reporter-output>
          </reporter-output>
        </test-method> <!-- testDeletePet -->
        <test-method signature="testDeletePet(int)[pri:4, instance:api.test.PetTest@33aeca0b]" started-at="2026-04-24T15:24:14 IST" name="testDeletePet" data-provider="PetId" finished-at="2026-04-24T15:24:16 IST" duration-ms="2485" status="PASS">
          <params>
            <param index="0">
              <value>
                <![CDATA[11022]]>
              </value>
            </param>
          </params>
          <reporter-output>
          </reporter-output>
        </test-method> <!-- testDeletePet -->
        <test-method signature="testDeletePet(int)[pri:4, instance:api.test.PetTest@33aeca0b]" started-at="2026-04-24T15:24:16 IST" name="testDeletePet" data-provider="PetId" finished-at="2026-04-24T15:24:19 IST" duration-ms="2412" status="PASS">
          <params>
            <param index="0">
              <value>
                <![CDATA[11033]]>
              </value>
            </param>
          </params>
          <reporter-output>
          </reporter-output>
        </test-method> <!-- testDeletePet -->
        <test-method signature="testDeletePet(int)[pri:4, instance:api.test.PetTest@33aeca0b]" started-at="2026-04-24T15:24:19 IST" name="testDeletePet" data-provider="PetId" finished-at="2026-04-24T15:24:21 IST" duration-ms="2363" status="PASS">
          <params>
            <param index="0">
              <value>
                <![CDATA[11044]]>
              </value>
            </param>
          </params>
          <reporter-output>
          </reporter-output>
        </test-method> <!-- testDeletePet -->
      </class> <!-- api.test.PetTest -->
      <class name="api.test.UserTest">
        <test-method is-config="true" signature="setUpData()[pri:0, instance:api.test.UserTest@793138bd]" started-at="2026-04-24T15:23:10 IST" name="setUpData" finished-at="2026-04-24T15:23:10 IST" duration-ms="26" status="PASS">
          <reporter-output>
          </reporter-output>
        </test-method> <!-- setUpData -->
        <test-method signature="testCreateUser(api.payload.User)[pri:1, instance:api.test.UserTest@793138bd]" started-at="2026-04-24T15:23:12 IST" name="testCreateUser" data-provider="UserData" finished-at="2026-04-24T15:23:15 IST" duration-ms="3373" status="PASS">
          <params>
            <param index="0">
              <value>
                <![CDATA[User {username='testuser11', id=11010, email='a123@gmail.com'}]]>
              </value>
            </param>
          </params>
          <reporter-output>
          </reporter-output>
        </test-method> <!-- testCreateUser -->
        <test-method signature="testCreateUser(api.payload.User)[pri:1, instance:api.test.UserTest@793138bd]" started-at="2026-04-24T15:23:15 IST" name="testCreateUser" data-provider="UserData" finished-at="2026-04-24T15:23:16 IST" duration-ms="1274" status="PASS">
          <params>
            <param index="0">
              <value>
                <![CDATA[User {username='testuser22', id=11020, email='b123@gmail.com'}]]>
              </value>
            </param>
          </params>
          <reporter-output>
          </reporter-output>
        </test-method> <!-- testCreateUser -->
        <test-method signature="testCreateUser(api.payload.User)[pri:1, instance:api.test.UserTest@793138bd]" started-at="2026-04-24T15:23:17 IST" name="testCreateUser" data-provider="UserData" finished-at="2026-04-24T15:23:18 IST" duration-ms="1232" status="PASS">
          <params>
            <param index="0">
              <value>
                <![CDATA[User {username='testuser33', id=11030, email='c123@gmail.com'}]]>
              </value>
            </param>
          </params>
          <reporter-output>
          </reporter-output>
        </test-method> <!-- testCreateUser -->
        <test-method signature="testCreateUser(api.payload.User)[pri:1, instance:api.test.UserTest@793138bd]" started-at="2026-04-24T15:23:18 IST" name="testCreateUser" data-provider="UserData" finished-at="2026-04-24T15:23:19 IST" duration-ms="1150" status="PASS">
          <params>
            <param index="0">
              <value>
                <![CDATA[User {username='testuser44', id=11040, email='d123@gmail.com'}]]>
              </value>
            </param>
          </params>
          <reporter-output>
          </reporter-output>
        </test-method> <!-- testCreateUser -->
        <test-method signature="testCreateUser(api.payload.User)[pri:1, instance:api.test.UserTest@793138bd]" started-at="2026-04-24T15:23:19 IST" name="testCreateUser" data-provider="UserData" finished-at="2026-04-24T15:23:20 IST" duration-ms="1256" status="PASS">
          <params>
            <param index="0">
              <value>
                <![CDATA[User {username='testuser55', id=11050, email='e123@gmail.com'}]]>
              </value>
            </param>
          </params>
          <reporter-output>
          </reporter-output>
        </test-method> <!-- testCreateUser -->
        <test-method signature="testGetUser(java.lang.String)[pri:2, instance:api.test.UserTest@793138bd]" started-at="2026-04-24T15:23:20 IST" name="testGetUser" data-provider="UserName" finished-at="2026-04-24T15:23:22 IST" duration-ms="1229" status="PASS">
          <params>
            <param index="0">
              <value>
                <![CDATA[testuser11]]>
              </value>
            </param>
          </params>
          <reporter-output>
          </reporter-output>
        </test-method> <!-- testGetUser -->
        <test-method signature="testGetUser(java.lang.String)[pri:2, instance:api.test.UserTest@793138bd]" started-at="2026-04-24T15:23:22 IST" name="testGetUser" data-provider="UserName" finished-at="2026-04-24T15:23:23 IST" duration-ms="1243" status="PASS">
          <params>
            <param index="0">
              <value>
                <![CDATA[testuser22]]>
              </value>
            </param>
          </params>
          <reporter-output>
          </reporter-output>
        </test-method> <!-- testGetUser -->
        <test-method signature="testGetUser(java.lang.String)[pri:2, instance:api.test.UserTest@793138bd]" started-at="2026-04-24T15:23:23 IST" name="testGetUser" data-provider="UserName" finished-at="2026-04-24T15:23:24 IST" duration-ms="1196" status="PASS">
          <params>
            <param index="0">
              <value>
                <![CDATA[testuser33]]>
              </value>
            </param>
          </params>
          <reporter-output>
          </reporter-output>
        </test-method> <!-- testGetUser -->
        <test-method signature="testGetUser(java.lang.String)[pri:2, instance:api.test.UserTest@793138bd]" started-at="2026-04-24T15:23:24 IST" name="testGetUser" data-provider="UserName" finished-at="2026-04-24T15:23:25 IST" duration-ms="1225" status="PASS">
          <params>
            <param index="0">
              <value>
                <![CDATA[testuser44]]>
              </value>
            </param>
          </params>
          <reporter-output>
          </reporter-output>
        </test-method> <!-- testGetUser -->
        <test-method signature="testGetUser(java.lang.String)[pri:2, instance:api.test.UserTest@793138bd]" started-at="2026-04-24T15:23:25 IST" name="testGetUser" data-provider="UserName" finished-at="2026-04-24T15:23:26 IST" duration-ms="1165" status="PASS">
          <params>
            <param index="0">
              <value>
                <![CDATA[testuser55]]>
              </value>
            </param>
          </params>
          <reporter-output>
          </reporter-output>
        </test-method> <!-- testGetUser -->
        <test-method signature="testUpdateUser(api.payload.User)[pri:3, instance:api.test.UserTest@793138bd]" started-at="2026-04-24T15:23:27 IST" name="testUpdateUser" data-provider="UserData" finished-at="2026-04-24T15:23:30 IST" duration-ms="3001" status="PASS">
          <params>
            <param index="0">
              <value>
                <![CDATA[User {username='testuser11', id=11010, email='erich.glover@example.com'}]]>
              </value>
            </param>
          </params>
          <reporter-output>
          </reporter-output>
        </test-method> <!-- testUpdateUser -->
        <test-method signature="testUpdateUser(api.payload.User)[pri:3, instance:api.test.UserTest@793138bd]" started-at="2026-04-24T15:23:30 IST" name="testUpdateUser" data-provider="UserData" finished-at="2026-04-24T15:23:32 IST" duration-ms="2345" status="PASS">
          <params>
            <param index="0">
              <value>
                <![CDATA[User {username='testuser22', id=11020, email='fidela.bauch@example.com'}]]>
              </value>
            </param>
          </params>
          <reporter-output>
          </reporter-output>
        </test-method> <!-- testUpdateUser -->
        <test-method signature="testUpdateUser(api.payload.User)[pri:3, instance:api.test.UserTest@793138bd]" started-at="2026-04-24T15:23:32 IST" name="testUpdateUser" data-provider="UserData" finished-at="2026-04-24T15:23:35 IST" duration-ms="2448" status="PASS">
          <params>
            <param index="0">
              <value>
                <![CDATA[User {username='testuser33', id=11030, email='abel.schumm@example.com'}]]>
              </value>
            </param>
          </params>
          <reporter-output>
          </reporter-output>
        </test-method> <!-- testUpdateUser -->
        <test-method signature="testUpdateUser(api.payload.User)[pri:3, instance:api.test.UserTest@793138bd]" started-at="2026-04-24T15:23:35 IST" name="testUpdateUser" data-provider="UserData" finished-at="2026-04-24T15:23:37 IST" duration-ms="2401" status="PASS">
          <params>
            <param index="0">
              <value>
                <![CDATA[User {username='testuser44', id=11040, email='shanon.steuber@example.com'}]]>
              </value>
            </param>
          </params>
          <reporter-output>
          </reporter-output>
        </test-method> <!-- testUpdateUser -->
        <test-method signature="testUpdateUser(api.payload.User)[pri:3, instance:api.test.UserTest@793138bd]" started-at="2026-04-24T15:23:37 IST" name="testUpdateUser" data-provider="UserData" finished-at="2026-04-24T15:23:39 IST" duration-ms="2428" status="PASS">
          <params>
            <param index="0">
              <value>
                <![CDATA[User {username='testuser55', id=11050, email='palmira.dare@example.com'}]]>
              </value>
            </param>
          </params>
          <reporter-output>
          </reporter-output>
        </test-method> <!-- testUpdateUser -->
        <test-method signature="testDeleteUser(java.lang.String)[pri:4, instance:api.test.UserTest@793138bd]" started-at="2026-04-24T15:23:40 IST" name="testDeleteUser" data-provider="UserName" finished-at="2026-04-24T15:23:42 IST" duration-ms="2337" status="PASS">
          <params>
            <param index="0">
              <value>
                <![CDATA[testuser11]]>
              </value>
            </param>
          </params>
          <reporter-output>
          </reporter-output>
        </test-method> <!-- testDeleteUser -->
        <test-method signature="testDeleteUser(java.lang.String)[pri:4, instance:api.test.UserTest@793138bd]" started-at="2026-04-24T15:23:42 IST" name="testDeleteUser" data-provider="UserName" finished-at="2026-04-24T15:23:44 IST" duration-ms="2318" status="PASS">
          <params>
            <param index="0">
              <value>
                <![CDATA[testuser22]]>
              </value>
            </param>
          </params>
          <reporter-output>
          </reporter-output>
        </test-method> <!-- testDeleteUser -->
        <test-method signature="testDeleteUser(java.lang.String)[pri:4, instance:api.test.UserTest@793138bd]" started-at="2026-04-24T15:23:44 IST" name="testDeleteUser" data-provider="UserName" finished-at="2026-04-24T15:23:47 IST" duration-ms="2641" status="PASS">
          <params>
            <param index="0">
              <value>
                <![CDATA[testuser33]]>
              </value>
            </param>
          </params>
          <reporter-output>
          </reporter-output>
        </test-method> <!-- testDeleteUser -->
        <test-method signature="testDeleteUser(java.lang.String)[pri:4, instance:api.test.UserTest@793138bd]" started-at="2026-04-24T15:23:47 IST" name="testDeleteUser" data-provider="UserName" finished-at="2026-04-24T15:23:49 IST" duration-ms="2405" status="PASS">
          <params>
            <param index="0">
              <value>
                <![CDATA[testuser44]]>
              </value>
            </param>
          </params>
          <reporter-output>
          </reporter-output>
        </test-method> <!-- testDeleteUser -->
        <test-method signature="testDeleteUser(java.lang.String)[pri:4, instance:api.test.UserTest@793138bd]" started-at="2026-04-24T15:23:49 IST" name="testDeleteUser" data-provider="UserName" finished-at="2026-04-24T15:23:52 IST" duration-ms="2229" status="PASS">
          <params>
            <param index="0">
              <value>
                <![CDATA[testuser55]]>
              </value>
            </param>
          </params>
          <reporter-output>
          </reporter-output>
        </test-method> <!-- testDeleteUser -->
      </class> <!-- api.test.UserTest -->
    </test> <!-- PetTest -->
  </suite> <!-- PetUserSuite -->
</testng-results>
