<?xml version="1.0" encoding="UTF-8"?>
<!-- Generated by org.testng.reporters.JUnitReportReporter -->
<testsuite hostname="ARUN" failures="0" tests="20" name="api.test.PetTest" time="53.025" errors="0" timestamp="2026-07-18T21:27:34 IST" skipped="0">
  <testcase classname="api.test.PetTest" name="testCreatePet" time="3.144"/>
  <testcase classname="api.test.PetTest" name="testCreatePet" time="3.146"/>
  <testcase classname="api.test.PetTest" name="testCreatePet" time="3.144"/>
  <testcase classname="api.test.PetTest" name="testCreatePet" time="3.271"/>
  <testcase classname="api.test.PetTest" name="testCreatePet" time="3.231"/>
  <testcase classname="api.test.PetTest" name="testGetPet" time="1.667"/>
  <testcase classname="api.test.PetTest" name="testGetPet" time="1.519"/>
  <testcase classname="api.test.PetTest" name="testGetPet" time="1.459"/>
  <testcase classname="api.test.PetTest" name="testGetPet" time="1.312"/>
  <testcase classname="api.test.PetTest" name="testGetPet" time="1.440"/>
  <testcase classname="api.test.PetTest" name="testUpdatePet" time="3.052"/>
  <testcase classname="api.test.PetTest" name="testUpdatePet" time="3.055"/>
  <testcase classname="api.test.PetTest" name="testUpdatePet" time="2.780"/>
  <testcase classname="api.test.PetTest" name="testUpdatePet" time="2.797"/>
  <testcase classname="api.test.PetTest" name="testUpdatePet" time="4.582"/>
  <testcase classname="api.test.PetTest" name="testDeletePet" time="2.735"/>
  <testcase classname="api.test.PetTest" name="testDeletePet" time="2.512"/>
  <testcase classname="api.test.PetTest" name="testDeletePet" time="2.869"/>
  <testcase classname="api.test.PetTest" name="testDeletePet" time="2.495"/>
  <testcase classname="api.test.PetTest" name="testDeletePet" time="2.815"/>
</testsuite> <!-- api.test.PetTest -->
