<?xml version="1.0" encoding="UTF-8"?>
<!-- Generated by org.testng.reporters.JUnitReportReporter -->
<testsuite hostname="ARUN" failures="0" tests="20" name="api.test.UserTest" time="53.299" errors="0" timestamp="2026-07-18T21:27:34 IST" skipped="0">
  <testcase classname="api.test.UserTest" name="testCreateUser" time="3.125"/>
  <testcase classname="api.test.UserTest" name="testCreateUser" time="3.008"/>
  <testcase classname="api.test.UserTest" name="testCreateUser" time="3.014"/>
  <testcase classname="api.test.UserTest" name="testCreateUser" time="3.008"/>
  <testcase classname="api.test.UserTest" name="testCreateUser" time="3.008"/>
  <testcase classname="api.test.UserTest" name="testGetUser" time="1.333"/>
  <testcase classname="api.test.UserTest" name="testGetUser" time="1.314"/>
  <testcase classname="api.test.UserTest" name="testGetUser" time="1.563"/>
  <testcase classname="api.test.UserTest" name="testGetUser" time="1.677"/>
  <testcase classname="api.test.UserTest" name="testGetUser" time="1.338"/>
  <testcase classname="api.test.UserTest" name="testUpdateUser" time="3.202"/>
  <testcase classname="api.test.UserTest" name="testUpdateUser" time="2.920"/>
  <testcase classname="api.test.UserTest" name="testUpdateUser" time="2.926"/>
  <testcase classname="api.test.UserTest" name="testUpdateUser" time="3.048"/>
  <testcase classname="api.test.UserTest" name="testUpdateUser" time="2.922"/>
  <testcase classname="api.test.UserTest" name="testDeleteUser" time="3.192"/>
  <testcase classname="api.test.UserTest" name="testDeleteUser" time="3.173"/>
  <testcase classname="api.test.UserTest" name="testDeleteUser" time="3.174"/>
  <testcase classname="api.test.UserTest" name="testDeleteUser" time="3.175"/>
  <testcase classname="api.test.UserTest" name="testDeleteUser" time="3.179"/>
</testsuite> <!-- api.test.UserTest -->
