<?xml version="1.0" encoding="UTF-8"?>
<!-- Generated by org.testng.reporters.JUnitReportReporter -->
<testsuite hostname="ARUN" failures="0" tests="10" name="api.test.DataDrivenTests" time="20.677" errors="0" timestamp="2026-04-18T14:21:57 IST" skipped="0">
  <testcase classname="api.test.DataDrivenTests" name="testCreateUser" time="1.208"/>
  <testcase classname="api.test.DataDrivenTests" name="testCreateUser" time="1.177"/>
  <testcase classname="api.test.DataDrivenTests" name="testCreateUser" time="1.214"/>
  <testcase classname="api.test.DataDrivenTests" name="testCreateUser" time="2.969"/>
  <testcase classname="api.test.DataDrivenTests" name="testCreateUser" time="1.328"/>
  <testcase classname="api.test.DataDrivenTests" name="testDeleteUser" time="2.383"/>
  <testcase classname="api.test.DataDrivenTests" name="testDeleteUser" time="2.891"/>
  <testcase classname="api.test.DataDrivenTests" name="testDeleteUser" time="2.502"/>
  <testcase classname="api.test.DataDrivenTests" name="testDeleteUser" time="2.479"/>
  <testcase classname="api.test.DataDrivenTests" name="testDeleteUser" time="2.526"/>
</testsuite> <!-- api.test.DataDrivenTests -->
