<?xml version="1.0" encoding="UTF-8"?>
<!-- Generated by org.testng.reporters.JUnitReportReporter -->
<testsuite hostname="ARUN" failures="0" tests="16" name="api.test.PetTest" time="47.203" errors="0" timestamp="2026-04-24T16:55:29 IST" skipped="0">
  <testcase classname="api.test.PetTest" name="testCreatePet" time="3.865"/>
  <testcase classname="api.test.PetTest" name="testCreatePet" time="3.811"/>
  <testcase classname="api.test.PetTest" name="testCreatePet" time="3.868"/>
  <testcase classname="api.test.PetTest" name="testCreatePet" time="3.809"/>
  <testcase classname="api.test.PetTest" name="testGetPet" time="1.443"/>
  <testcase classname="api.test.PetTest" name="testGetPet" time="1.509"/>
  <testcase classname="api.test.PetTest" name="testGetPet" time="1.542"/>
  <testcase classname="api.test.PetTest" name="testGetPet" time="1.595"/>
  <testcase classname="api.test.PetTest" name="testUpdatePet" time="3.996"/>
  <testcase classname="api.test.PetTest" name="testUpdatePet" time="3.989"/>
  <testcase classname="api.test.PetTest" name="testUpdatePet" time="4.018"/>
  <testcase classname="api.test.PetTest" name="testUpdatePet" time="4.024"/>
  <testcase classname="api.test.PetTest" name="testDeletePet" time="2.391"/>
  <testcase classname="api.test.PetTest" name="testDeletePet" time="2.465"/>
  <testcase classname="api.test.PetTest" name="testDeletePet" time="2.498"/>
  <testcase classname="api.test.PetTest" name="testDeletePet" time="2.380"/>
</testsuite> <!-- api.test.PetTest -->
