<?xml version="1.0" encoding="UTF-8"?>
<!-- Generated by org.testng.reporters.JUnitReportReporter -->
<testsuite hostname="ARUN" failures="0" tests="20" name="api.test.UserTest" time="38.896" errors="0" timestamp="2026-04-24T15:24:22 IST" skipped="0">
  <testcase classname="api.test.UserTest" name="testCreateUser" time="1.274"/>
  <testcase classname="api.test.UserTest" name="testCreateUser" time="1.232"/>
  <testcase classname="api.test.UserTest" name="testCreateUser" time="1.256"/>
  <testcase classname="api.test.UserTest" name="testCreateUser" time="3.373"/>
  <testcase classname="api.test.UserTest" name="testCreateUser" time="1.150"/>
  <testcase classname="api.test.UserTest" name="testGetUser" time="1.165"/>
  <testcase classname="api.test.UserTest" name="testGetUser" time="1.225"/>
  <testcase classname="api.test.UserTest" name="testGetUser" time="1.243"/>
  <testcase classname="api.test.UserTest" name="testGetUser" time="1.229"/>
  <testcase classname="api.test.UserTest" name="testGetUser" time="1.196"/>
  <testcase classname="api.test.UserTest" name="testUpdateUser" time="2.401"/>
  <testcase classname="api.test.UserTest" name="testUpdateUser" time="2.448"/>
  <testcase classname="api.test.UserTest" name="testUpdateUser" time="2.345"/>
  <testcase classname="api.test.UserTest" name="testUpdateUser" time="2.428"/>
  <testcase classname="api.test.UserTest" name="testUpdateUser" time="3.001"/>
  <testcase classname="api.test.UserTest" name="testDeleteUser" time="2.641"/>
  <testcase classname="api.test.UserTest" name="testDeleteUser" time="2.229"/>
  <testcase classname="api.test.UserTest" name="testDeleteUser" time="2.318"/>
  <testcase classname="api.test.UserTest" name="testDeleteUser" time="2.405"/>
  <testcase classname="api.test.UserTest" name="testDeleteUser" time="2.337"/>
</testsuite> <!-- api.test.UserTest -->
