<?xml version="1.0" encoding="UTF-8"?>
<!-- Generated by org.testng.reporters.JUnitReportReporter -->
<testsuite hostname="ARUN" failures="0" tests="4" name="api.test.UserTest" time="9.826" errors="0" timestamp="2026-04-18T21:12:15 IST" skipped="0">
  <testcase classname="api.test.UserTest" name="testCreateUser" time="3.347"/>
  <testcase classname="api.test.UserTest" name="testGetUser" time="1.221"/>
  <testcase classname="api.test.UserTest" name="testUpdateUser" time="2.879"/>
  <testcase classname="api.test.UserTest" name="testDeleteUser" time="2.379"/>
</testsuite> <!-- api.test.UserTest -->
