<?xml version="1.0" encoding="UTF-8"?>
<!-- Generated by org.testng.reporters.JUnitReportReporter -->
<testsuite hostname="ARUN" failures="0" tests="4" name="api.test.PetTest" time="7.137" errors="0" timestamp="2026-04-18T21:12:15 IST" skipped="0">
  <testcase classname="api.test.PetTest" name="testCreatePet" time="1.135"/>
  <testcase classname="api.test.PetTest" name="testGetPet" time="1.192"/>
  <testcase classname="api.test.PetTest" name="testUpdatePet" time="2.486"/>
  <testcase classname="api.test.PetTest" name="testDeletePet" time="2.324"/>
</testsuite> <!-- api.test.PetTest -->
